The system is: Linux - 4.4.0-130-generic - x86_64
Compiling the C compiler identification source file "CMakeCCompilerId.c" succeeded.
Compiler: /usr/bin/cc 
Build flags: 
Id flags: 

The output was:
0


Compilation of the C compiler identification source "CMakeCCompilerId.c" produced "a.out"

The C compiler identification is GNU, found in "/fs03/share/users/robinson.ruiz/home/Bureau/tp_tissus/tp_tissu_gpu/build/CMakeFiles/2.8.12.2/CompilerIdC/a.out"

Compiling the CXX compiler identification source file "CMakeCXXCompilerId.cpp" succeeded.
Compiler: /usr/bin/c++ 
Build flags: 
Id flags: 

The output was:
0


Compilation of the CXX compiler identification source "CMakeCXXCompilerId.cpp" produced "a.out"

The CXX compiler identification is GNU, found in "/fs03/share/users/robinson.ruiz/home/Bureau/tp_tissus/tp_tissu_gpu/build/CMakeFiles/2.8.12.2/CompilerIdCXX/a.out"

Determining if the C compiler works passed with the following output:
Change Dir: /fs03/share/users/robinson.ruiz/home/Bureau/tp_tissus/tp_tissu_gpu/build/CMakeFiles/CMakeTmp

Run Build Command:/usr/bin/make "cmTryCompileExec2888901129/fast"
make: AVERTISSEMENT: fichier « Makefile » a une date de modification 0,11 dans le futur
/usr/bin/make -f CMakeFiles/cmTryCompileExec2888901129.dir/build.make CMakeFiles/cmTryCompileExec2888901129.dir/build
make[1]: entrant dans le répertoire « /fs03/share/users/robinson.ruiz/home/Bureau/tp_tissus/tp_tissu_gpu/build/CMakeFiles/CMakeTmp »
make[1]: AVERTISSEMENT: fichier « CMakeFiles/cmTryCompileExec2888901129.dir/flags.make » a une date de modification 0,099 dans le futur
/usr/bin/cmake -E cmake_progress_report /fs03/share/users/robinson.ruiz/home/Bureau/tp_tissus/tp_tissu_gpu/build/CMakeFiles/CMakeTmp/CMakeFiles 1
Building C object CMakeFiles/cmTryCompileExec2888901129.dir/testCCompiler.c.o
/usr/bin/cc    -o CMakeFiles/cmTryCompileExec2888901129.dir/testCCompiler.c.o   -c /fs03/share/users/robinson.ruiz/home/Bureau/tp_tissus/tp_tissu_gpu/build/CMakeFiles/CMakeTmp/testCCompiler.c
Linking C executable cmTryCompileExec2888901129
/usr/bin/cmake -E cmake_link_script CMakeFiles/cmTryCompileExec2888901129.dir/link.txt --verbose=1
/usr/bin/cc       CMakeFiles/cmTryCompileExec2888901129.dir/testCCompiler.c.o  -o cmTryCompileExec2888901129 -rdynamic 
make[1]: quittant le répertoire « /fs03/share/users/robinson.ruiz/home/Bureau/tp_tissus/tp_tissu_gpu/build/CMakeFiles/CMakeTmp »
make[1]: AVERTISSEMENT : décalage d'horloge détecté. La construction peut être incomplète.
make: AVERTISSEMENT : décalage d'horloge détecté. La construction peut être incomplète.


Detecting C compiler ABI info compiled with the following output:
Change Dir: /fs03/share/users/robinson.ruiz/home/Bureau/tp_tissus/tp_tissu_gpu/build/CMakeFiles/CMakeTmp

Run Build Command:/usr/bin/make "cmTryCompileExec2670414021/fast"
make: AVERTISSEMENT: fichier « Makefile » a une date de modification 0,11 dans le futur
/usr/bin/make -f CMakeFiles/cmTryCompileExec2670414021.dir/build.make CMakeFiles/cmTryCompileExec2670414021.dir/build
make[1]: entrant dans le répertoire « /fs03/share/users/robinson.ruiz/home/Bureau/tp_tissus/tp_tissu_gpu/build/CMakeFiles/CMakeTmp »
make[1]: AVERTISSEMENT: fichier « CMakeFiles/cmTryCompileExec2670414021.dir/flags.make » a une date de modification 0,1 dans le futur
/usr/bin/cmake -E cmake_progress_report /fs03/share/users/robinson.ruiz/home/Bureau/tp_tissus/tp_tissu_gpu/build/CMakeFiles/CMakeTmp/CMakeFiles 1
Building C object CMakeFiles/cmTryCompileExec2670414021.dir/CMakeCCompilerABI.c.o
/usr/bin/cc    -o CMakeFiles/cmTryCompileExec2670414021.dir/CMakeCCompilerABI.c.o   -c /usr/share/cmake-2.8/Modules/CMakeCCompilerABI.c
Linking C executable cmTryCompileExec2670414021
/usr/bin/cmake -E cmake_link_script CMakeFiles/cmTryCompileExec2670414021.dir/link.txt --verbose=1
/usr/bin/cc     -v CMakeFiles/cmTryCompileExec2670414021.dir/CMakeCCompilerABI.c.o  -o cmTryCompileExec2670414021 -rdynamic  
Using built-in specs.
COLLECT_GCC=/usr/bin/cc
COLLECT_LTO_WRAPPER=/usr/lib/gcc/x86_64-linux-gnu/4.8/lto-wrapper
Target: x86_64-linux-gnu
Configured with: ../src/configure -v --with-pkgversion='Ubuntu 4.8.4-2ubuntu1~14.04.4' --with-bugurl=file:///usr/share/doc/gcc-4.8/README.Bugs --enable-languages=c,c++,java,go,d,fortran,objc,obj-c++ --prefix=/usr --program-suffix=-4.8 --enable-shared --enable-linker-build-id --libexecdir=/usr/lib --without-included-gettext --enable-threads=posix --with-gxx-include-dir=/usr/include/c++/4.8 --libdir=/usr/lib --enable-nls --with-sysroot=/ --enable-clocale=gnu --enable-libstdcxx-debug --enable-libstdcxx-time=yes --enable-gnu-unique-object --disable-libmudflap --enable-plugin --with-system-zlib --disable-browser-plugin --enable-java-awt=gtk --enable-gtk-cairo --with-java-home=/usr/lib/jvm/java-1.5.0-gcj-4.8-amd64/jre --enable-java-home --with-jvm-root-dir=/usr/lib/jvm/java-1.5.0-gcj-4.8-amd64 --with-jvm-jar-dir=/usr/lib/jvm-exports/java-1.5.0-gcj-4.8-amd64 --with-arch-directory=amd64 --with-ecj-jar=/usr/share/java/eclipse-ecj.jar --enable-objc-gc --enable-multiarch --disable-werror --with-arch-32=i686 --with-abi=m64 --with-multilib-list=m32,m64,mx32 --with-tune=generic --enable-checking=release --build=x86_64-linux-gnu --host=x86_64-linux-gnu --target=x86_64-linux-gnu
Thread model: posix
gcc version 4.8.4 (Ubuntu 4.8.4-2ubuntu1~14.04.4) 
COMPILER_PATH=/usr/lib/gcc/x86_64-linux-gnu/4.8/:/usr/lib/gcc/x86_64-linux-gnu/4.8/:/usr/lib/gcc/x86_64-linux-gnu/:/usr/lib/gcc/x86_64-linux-gnu/4.8/:/usr/lib/gcc/x86_64-linux-gnu/
LIBRARY_PATH=/usr/lib/gcc/x86_64-linux-gnu/4.8/:/usr/lib/gcc/x86_64-linux-gnu/4.8/../../../x86_64-linux-gnu/:/usr/lib/gcc/x86_64-linux-gnu/4.8/../../../../lib/:/lib/x86_64-linux-gnu/:/lib/../lib/:/usr/lib/x86_64-linux-gnu/:/usr/lib/../lib/:/usr/lib/gcc/x86_64-linux-gnu/4.8/../../../:/lib/:/usr/lib/
COLLECT_GCC_OPTIONS='-v' '-o' 'cmTryCompileExec2670414021' '-rdynamic' '-mtune=generic' '-march=x86-64'
 /usr/lib/gcc/x86_64-linux-gnu/4.8/collect2 --sysroot=/ --build-id --eh-frame-hdr -m elf_x86_64 --hash-style=gnu --as-needed -export-dynamic -dynamic-linker /lib64/ld-linux-x86-64.so.2 -z relro -o cmTryCompileExec2670414021 /usr/lib/gcc/x86_64-linux-gnu/4.8/../../../x86_64-linux-gnu/crt1.o /usr/lib/gcc/x86_64-linux-gnu/4.8/../../../x86_64-linux-gnu/crti.o /usr/lib/gcc/x86_64-linux-gnu/4.8/crtbegin.o -L/usr/lib/gcc/x86_64-linux-gnu/4.8 -L/usr/lib/gcc/x86_64-linux-gnu/4.8/../../../x86_64-linux-gnu -L/usr/lib/gcc/x86_64-linux-gnu/4.8/../../../../lib -L/lib/x86_64-linux-gnu -L/lib/../lib -L/usr/lib/x86_64-linux-gnu -L/usr/lib/../lib -L/usr/lib/gcc/x86_64-linux-gnu/4.8/../../.. CMakeFiles/cmTryCompileExec2670414021.dir/CMakeCCompilerABI.c.o -lgcc --as-needed -lgcc_s --no-as-needed -lc -lgcc --as-needed -lgcc_s --no-as-needed /usr/lib/gcc/x86_64-linux-gnu/4.8/crtend.o /usr/lib/gcc/x86_64-linux-gnu/4.8/../../../x86_64-linux-gnu/crtn.o
make[1]: quittant le répertoire « /fs03/share/users/robinson.ruiz/home/Bureau/tp_tissus/tp_tissu_gpu/build/CMakeFiles/CMakeTmp »
make[1]: AVERTISSEMENT : décalage d'horloge détecté. La construction peut être incomplète.
make: AVERTISSEMENT : décalage d'horloge détecté. La construction peut être incomplète.


Parsed C implicit link information from above output:
  link line regex: [^( *|.*[/\])(ld|([^/\]+-)?ld|collect2)[^/\]*( |$)]
  ignore line: [Change Dir: /fs03/share/users/robinson.ruiz/home/Bureau/tp_tissus/tp_tissu_gpu/build/CMakeFiles/CMakeTmp]
  ignore line: []
  ignore line: [Run Build Command:/usr/bin/make "cmTryCompileExec2670414021/fast"]
  ignore line: [make: AVERTISSEMENT: fichier « Makefile » a une date de modification 0,11 dans le futur]
  ignore line: [/usr/bin/make -f CMakeFiles/cmTryCompileExec2670414021.dir/build.make CMakeFiles/cmTryCompileExec2670414021.dir/build]
  ignore line: [make[1]: entrant dans le répertoire « /fs03/share/users/robinson.ruiz/home/Bureau/tp_tissus/tp_tissu_gpu/build/CMakeFiles/CMakeTmp »]
  ignore line: [make[1]: AVERTISSEMENT: fichier « CMakeFiles/cmTryCompileExec2670414021.dir/flags.make » a une date de modification 0,1 dans le futur]
  ignore line: [/usr/bin/cmake -E cmake_progress_report /fs03/share/users/robinson.ruiz/home/Bureau/tp_tissus/tp_tissu_gpu/build/CMakeFiles/CMakeTmp/CMakeFiles 1]
  ignore line: [Building C object CMakeFiles/cmTryCompileExec2670414021.dir/CMakeCCompilerABI.c.o]
  ignore line: [/usr/bin/cc    -o CMakeFiles/cmTryCompileExec2670414021.dir/CMakeCCompilerABI.c.o   -c /usr/share/cmake-2.8/Modules/CMakeCCompilerABI.c]
  ignore line: [Linking C executable cmTryCompileExec2670414021]
  ignore line: [/usr/bin/cmake -E cmake_link_script CMakeFiles/cmTryCompileExec2670414021.dir/link.txt --verbose=1]
  ignore line: [/usr/bin/cc     -v CMakeFiles/cmTryCompileExec2670414021.dir/CMakeCCompilerABI.c.o  -o cmTryCompileExec2670414021 -rdynamic  ]
  ignore line: [Using built-in specs.]
  ignore line: [COLLECT_GCC=/usr/bin/cc]
  ignore line: [COLLECT_LTO_WRAPPER=/usr/lib/gcc/x86_64-linux-gnu/4.8/lto-wrapper]
  ignore line: [Target: x86_64-linux-gnu]
  ignore line: [Configured with: ../src/configure -v --with-pkgversion='Ubuntu 4.8.4-2ubuntu1~14.04.4' --with-bugurl=file:///usr/share/doc/gcc-4.8/README.Bugs --enable-languages=c,c++,java,go,d,fortran,objc,obj-c++ --prefix=/usr --program-suffix=-4.8 --enable-shared --enable-linker-build-id --libexecdir=/usr/lib --without-included-gettext --enable-threads=posix --with-gxx-include-dir=/usr/include/c++/4.8 --libdir=/usr/lib --enable-nls --with-sysroot=/ --enable-clocale=gnu --enable-libstdcxx-debug --enable-libstdcxx-time=yes --enable-gnu-unique-object --disable-libmudflap --enable-plugin --with-system-zlib --disable-browser-plugin --enable-java-awt=gtk --enable-gtk-cairo --with-java-home=/usr/lib/jvm/java-1.5.0-gcj-4.8-amd64/jre --enable-java-home --with-jvm-root-dir=/usr/lib/jvm/java-1.5.0-gcj-4.8-amd64 --with-jvm-jar-dir=/usr/lib/jvm-exports/java-1.5.0-gcj-4.8-amd64 --with-arch-directory=amd64 --with-ecj-jar=/usr/share/java/eclipse-ecj.jar --enable-objc-gc --enable-multiarch --disable-werror --with-arch-32=i686 --with-abi=m64 --with-multilib-list=m32,m64,mx32 --with-tune=generic --enable-checking=release --build=x86_64-linux-gnu --host=x86_64-linux-gnu --target=x86_64-linux-gnu]
  ignore line: [Thread model: posix]
  ignore line: [gcc version 4.8.4 (Ubuntu 4.8.4-2ubuntu1~14.04.4) ]
  ignore line: [COMPILER_PATH=/usr/lib/gcc/x86_64-linux-gnu/4.8/:/usr/lib/gcc/x86_64-linux-gnu/4.8/:/usr/lib/gcc/x86_64-linux-gnu/:/usr/lib/gcc/x86_64-linux-gnu/4.8/:/usr/lib/gcc/x86_64-linux-gnu/]
  ignore line: [LIBRARY_PATH=/usr/lib/gcc/x86_64-linux-gnu/4.8/:/usr/lib/gcc/x86_64-linux-gnu/4.8/../../../x86_64-linux-gnu/:/usr/lib/gcc/x86_64-linux-gnu/4.8/../../../../lib/:/lib/x86_64-linux-gnu/:/lib/../lib/:/usr/lib/x86_64-linux-gnu/:/usr/lib/../lib/:/usr/lib/gcc/x86_64-linux-gnu/4.8/../../../:/lib/:/usr/lib/]
  ignore line: [COLLECT_GCC_OPTIONS='-v' '-o' 'cmTryCompileExec2670414021' '-rdynamic' '-mtune=generic' '-march=x86-64']
  link line: [ /usr/lib/gcc/x86_64-linux-gnu/4.8/collect2 --sysroot=/ --build-id --eh-frame-hdr -m elf_x86_64 --hash-style=gnu --as-needed -export-dynamic -dynamic-linker /lib64/ld-linux-x86-64.so.2 -z relro -o cmTryCompileExec2670414021 /usr/lib/gcc/x86_64-linux-gnu/4.8/../../../x86_64-linux-gnu/crt1.o /usr/lib/gcc/x86_64-linux-gnu/4.8/../../../x86_64-linux-gnu/crti.o /usr/lib/gcc/x86_64-linux-gnu/4.8/crtbegin.o -L/usr/lib/gcc/x86_64-linux-gnu/4.8 -L/usr/lib/gcc/x86_64-linux-gnu/4.8/../../../x86_64-linux-gnu -L/usr/lib/gcc/x86_64-linux-gnu/4.8/../../../../lib -L/lib/x86_64-linux-gnu -L/lib/../lib -L/usr/lib/x86_64-linux-gnu -L/usr/lib/../lib -L/usr/lib/gcc/x86_64-linux-gnu/4.8/../../.. CMakeFiles/cmTryCompileExec2670414021.dir/CMakeCCompilerABI.c.o -lgcc --as-needed -lgcc_s --no-as-needed -lc -lgcc --as-needed -lgcc_s --no-as-needed /usr/lib/gcc/x86_64-linux-gnu/4.8/crtend.o /usr/lib/gcc/x86_64-linux-gnu/4.8/../../../x86_64-linux-gnu/crtn.o]
    arg [/usr/lib/gcc/x86_64-linux-gnu/4.8/collect2] ==> ignore
    arg [--sysroot=/] ==> ignore
    arg [--build-id] ==> ignore
    arg [--eh-frame-hdr] ==> ignore
    arg [-m] ==> ignore
    arg [elf_x86_64] ==> ignore
    arg [--hash-style=gnu] ==> ignore
    arg [--as-needed] ==> ignore
    arg [-export-dynamic] ==> ignore
    arg [-dynamic-linker] ==> ignore
    arg [/lib64/ld-linux-x86-64.so.2] ==> ignore
    arg [-zrelro] ==> ignore
    arg [-o] ==> ignore
    arg [cmTryCompileExec2670414021] ==> ignore
    arg [/usr/lib/gcc/x86_64-linux-gnu/4.8/../../../x86_64-linux-gnu/crt1.o] ==> ignore
    arg [/usr/lib/gcc/x86_64-linux-gnu/4.8/../../../x86_64-linux-gnu/crti.o] ==> ignore
    arg [/usr/lib/gcc/x86_64-linux-gnu/4.8/crtbegin.o] ==> ignore
    arg [-L/usr/lib/gcc/x86_64-linux-gnu/4.8] ==> dir [/usr/lib/gcc/x86_64-linux-gnu/4.8]
    arg [-L/usr/lib/gcc/x86_64-linux-gnu/4.8/../../../x86_64-linux-gnu] ==> dir [/usr/lib/gcc/x86_64-linux-gnu/4.8/../../../x86_64-linux-gnu]
    arg [-L/usr/lib/gcc/x86_64-linux-gnu/4.8/../../../../lib] ==> dir [/usr/lib/gcc/x86_64-linux-gnu/4.8/../../../../lib]
    arg [-L/lib/x86_64-linux-gnu] ==> dir [/lib/x86_64-linux-gnu]
    arg [-L/lib/../lib] ==> dir [/lib/../lib]
    arg [-L/usr/lib/x86_64-linux-gnu] ==> dir [/usr/lib/x86_64-linux-gnu]
    arg [-L/usr/lib/../lib] ==> dir [/usr/lib/../lib]
    arg [-L/usr/lib/gcc/x86_64-linux-gnu/4.8/../../..] ==> dir [/usr/lib/gcc/x86_64-linux-gnu/4.8/../../..]
    arg [CMakeFiles/cmTryCompileExec2670414021.dir/CMakeCCompilerABI.c.o] ==> ignore
    arg [-lgcc] ==> lib [gcc]
    arg [--as-needed] ==> ignore
    arg [-lgcc_s] ==> lib [gcc_s]
    arg [--no-as-needed] ==> ignore
    arg [-lc] ==> lib [c]
    arg [-lgcc] ==> lib [gcc]
    arg [--as-needed] ==> ignore
    arg [-lgcc_s] ==> lib [gcc_s]
    arg [--no-as-needed] ==> ignore
    arg [/usr/lib/gcc/x86_64-linux-gnu/4.8/crtend.o] ==> ignore
    arg [/usr/lib/gcc/x86_64-linux-gnu/4.8/../../../x86_64-linux-gnu/crtn.o] ==> ignore
  remove lib [gcc]
  remove lib [gcc_s]
  remove lib [gcc]
  remove lib [gcc_s]
  collapse library dir [/usr/lib/gcc/x86_64-linux-gnu/4.8] ==> [/usr/lib/gcc/x86_64-linux-gnu/4.8]
  collapse library dir [/usr/lib/gcc/x86_64-linux-gnu/4.8/../../../x86_64-linux-gnu] ==> [/usr/lib/x86_64-linux-gnu]
  collapse library dir [/usr/lib/gcc/x86_64-linux-gnu/4.8/../../../../lib] ==> [/usr/lib]
  collapse library dir [/lib/x86_64-linux-gnu] ==> [/lib/x86_64-linux-gnu]
  collapse library dir [/lib/../lib] ==> [/lib]
  collapse library dir [/usr/lib/x86_64-linux-gnu] ==> [/usr/lib/x86_64-linux-gnu]
  collapse library dir [/usr/lib/../lib] ==> [/usr/lib]
  collapse library dir [/usr/lib/gcc/x86_64-linux-gnu/4.8/../../..] ==> [/usr/lib]
  implicit libs: [c]
  implicit dirs: [/usr/lib/gcc/x86_64-linux-gnu/4.8;/usr/lib/x86_64-linux-gnu;/usr/lib;/lib/x86_64-linux-gnu;/lib]
  implicit fwks: []


Determining if the CXX compiler works passed with the following output:
Change Dir: /fs03/share/users/robinson.ruiz/home/Bureau/tp_tissus/tp_tissu_gpu/build/CMakeFiles/CMakeTmp

Run Build Command:/usr/bin/make "cmTryCompileExec591094460/fast"
make: AVERTISSEMENT: fichier « Makefile » a une date de modification 0,13 dans le futur
/usr/bin/make -f CMakeFiles/cmTryCompileExec591094460.dir/build.make CMakeFiles/cmTryCompileExec591094460.dir/build
make[1]: entrant dans le répertoire « /fs03/share/users/robinson.ruiz/home/Bureau/tp_tissus/tp_tissu_gpu/build/CMakeFiles/CMakeTmp »
make[1]: AVERTISSEMENT: fichier « CMakeFiles/cmTryCompileExec591094460.dir/flags.make » a une date de modification 0,12 dans le futur
/usr/bin/cmake -E cmake_progress_report /fs03/share/users/robinson.ruiz/home/Bureau/tp_tissus/tp_tissu_gpu/build/CMakeFiles/CMakeTmp/CMakeFiles 1
Building CXX object CMakeFiles/cmTryCompileExec591094460.dir/testCXXCompiler.cxx.o
/usr/bin/c++     -o CMakeFiles/cmTryCompileExec591094460.dir/testCXXCompiler.cxx.o -c /fs03/share/users/robinson.ruiz/home/Bureau/tp_tissus/tp_tissu_gpu/build/CMakeFiles/CMakeTmp/testCXXCompiler.cxx
Linking CXX executable cmTryCompileExec591094460
/usr/bin/cmake -E cmake_link_script CMakeFiles/cmTryCompileExec591094460.dir/link.txt --verbose=1
/usr/bin/c++        CMakeFiles/cmTryCompileExec591094460.dir/testCXXCompiler.cxx.o  -o cmTryCompileExec591094460 -rdynamic 
make[1]: quittant le répertoire « /fs03/share/users/robinson.ruiz/home/Bureau/tp_tissus/tp_tissu_gpu/build/CMakeFiles/CMakeTmp »
make[1]: AVERTISSEMENT : décalage d'horloge détecté. La construction peut être incomplète.
make: AVERTISSEMENT : décalage d'horloge détecté. La construction peut être incomplète.


Detecting CXX compiler ABI info compiled with the following output:
Change Dir: /fs03/share/users/robinson.ruiz/home/Bureau/tp_tissus/tp_tissu_gpu/build/CMakeFiles/CMakeTmp

Run Build Command:/usr/bin/make "cmTryCompileExec1106629084/fast"
make: AVERTISSEMENT: fichier « Makefile » a une date de modification 0,12 dans le futur
/usr/bin/make -f CMakeFiles/cmTryCompileExec1106629084.dir/build.make CMakeFiles/cmTryCompileExec1106629084.dir/build
make[1]: entrant dans le répertoire « /fs03/share/users/robinson.ruiz/home/Bureau/tp_tissus/tp_tissu_gpu/build/CMakeFiles/CMakeTmp »
make[1]: AVERTISSEMENT: fichier « CMakeFiles/cmTryCompileExec1106629084.dir/flags.make » a une date de modification 0,11 dans le futur
/usr/bin/cmake -E cmake_progress_report /fs03/share/users/robinson.ruiz/home/Bureau/tp_tissus/tp_tissu_gpu/build/CMakeFiles/CMakeTmp/CMakeFiles 1
Building CXX object CMakeFiles/cmTryCompileExec1106629084.dir/CMakeCXXCompilerABI.cpp.o
/usr/bin/c++     -o CMakeFiles/cmTryCompileExec1106629084.dir/CMakeCXXCompilerABI.cpp.o -c /usr/share/cmake-2.8/Modules/CMakeCXXCompilerABI.cpp
Linking CXX executable cmTryCompileExec1106629084
/usr/bin/cmake -E cmake_link_script CMakeFiles/cmTryCompileExec1106629084.dir/link.txt --verbose=1
/usr/bin/c++      -v CMakeFiles/cmTryCompileExec1106629084.dir/CMakeCXXCompilerABI.cpp.o  -o cmTryCompileExec1106629084 -rdynamic  
Using built-in specs.
COLLECT_GCC=/usr/bin/c++
COLLECT_LTO_WRAPPER=/usr/lib/gcc/x86_64-linux-gnu/4.8/lto-wrapper
Target: x86_64-linux-gnu
Configured with: ../src/configure -v --with-pkgversion='Ubuntu 4.8.4-2ubuntu1~14.04.4' --with-bugurl=file:///usr/share/doc/gcc-4.8/README.Bugs --enable-languages=c,c++,java,go,d,fortran,objc,obj-c++ --prefix=/usr --program-suffix=-4.8 --enable-shared --enable-linker-build-id --libexecdir=/usr/lib --without-included-gettext --enable-threads=posix --with-gxx-include-dir=/usr/include/c++/4.8 --libdir=/usr/lib --enable-nls --with-sysroot=/ --enable-clocale=gnu --enable-libstdcxx-debug --enable-libstdcxx-time=yes --enable-gnu-unique-object --disable-libmudflap --enable-plugin --with-system-zlib --disable-browser-plugin --enable-java-awt=gtk --enable-gtk-cairo --with-java-home=/usr/lib/jvm/java-1.5.0-gcj-4.8-amd64/jre --enable-java-home --with-jvm-root-dir=/usr/lib/jvm/java-1.5.0-gcj-4.8-amd64 --with-jvm-jar-dir=/usr/lib/jvm-exports/java-1.5.0-gcj-4.8-amd64 --with-arch-directory=amd64 --with-ecj-jar=/usr/share/java/eclipse-ecj.jar --enable-objc-gc --enable-multiarch --disable-werror --with-arch-32=i686 --with-abi=m64 --with-multilib-list=m32,m64,mx32 --with-tune=generic --enable-checking=release --build=x86_64-linux-gnu --host=x86_64-linux-gnu --target=x86_64-linux-gnu
Thread model: posix
gcc version 4.8.4 (Ubuntu 4.8.4-2ubuntu1~14.04.4) 
COMPILER_PATH=/usr/lib/gcc/x86_64-linux-gnu/4.8/:/usr/lib/gcc/x86_64-linux-gnu/4.8/:/usr/lib/gcc/x86_64-linux-gnu/:/usr/lib/gcc/x86_64-linux-gnu/4.8/:/usr/lib/gcc/x86_64-linux-gnu/
LIBRARY_PATH=/usr/lib/gcc/x86_64-linux-gnu/4.8/:/usr/lib/gcc/x86_64-linux-gnu/4.8/../../../x86_64-linux-gnu/:/usr/lib/gcc/x86_64-linux-gnu/4.8/../../../../lib/:/lib/x86_64-linux-gnu/:/lib/../lib/:/usr/lib/x86_64-linux-gnu/:/usr/lib/../lib/:/usr/lib/gcc/x86_64-linux-gnu/4.8/../../../:/lib/:/usr/lib/
COLLECT_GCC_OPTIONS='-v' '-o' 'cmTryCompileExec1106629084' '-rdynamic' '-shared-libgcc' '-mtune=generic' '-march=x86-64'
 /usr/lib/gcc/x86_64-linux-gnu/4.8/collect2 --sysroot=/ --build-id --eh-frame-hdr -m elf_x86_64 --hash-style=gnu --as-needed -export-dynamic -dynamic-linker /lib64/ld-linux-x86-64.so.2 -z relro -o cmTryCompileExec1106629084 /usr/lib/gcc/x86_64-linux-gnu/4.8/../../../x86_64-linux-gnu/crt1.o /usr/lib/gcc/x86_64-linux-gnu/4.8/../../../x86_64-linux-gnu/crti.o /usr/lib/gcc/x86_64-linux-gnu/4.8/crtbegin.o -L/usr/lib/gcc/x86_64-linux-gnu/4.8 -L/usr/lib/gcc/x86_64-linux-gnu/4.8/../../../x86_64-linux-gnu -L/usr/lib/gcc/x86_64-linux-gnu/4.8/../../../../lib -L/lib/x86_64-linux-gnu -L/lib/../lib -L/usr/lib/x86_64-linux-gnu -L/usr/lib/../lib -L/usr/lib/gcc/x86_64-linux-gnu/4.8/../../.. CMakeFiles/cmTryCompileExec1106629084.dir/CMakeCXXCompilerABI.cpp.o -lstdc++ -lm -lgcc_s -lgcc -lc -lgcc_s -lgcc /usr/lib/gcc/x86_64-linux-gnu/4.8/crtend.o /usr/lib/gcc/x86_64-linux-gnu/4.8/../../../x86_64-linux-gnu/crtn.o
make[1]: quittant le répertoire « /fs03/share/users/robinson.ruiz/home/Bureau/tp_tissus/tp_tissu_gpu/build/CMakeFiles/CMakeTmp »
make[1]: AVERTISSEMENT : décalage d'horloge détecté. La construction peut être incomplète.
make: AVERTISSEMENT : décalage d'horloge détecté. La construction peut être incomplète.


Parsed CXX implicit link information from above output:
  link line regex: [^( *|.*[/\])(ld|([^/\]+-)?ld|collect2)[^/\]*( |$)]
  ignore line: [Change Dir: /fs03/share/users/robinson.ruiz/home/Bureau/tp_tissus/tp_tissu_gpu/build/CMakeFiles/CMakeTmp]
  ignore line: []
  ignore line: [Run Build Command:/usr/bin/make "cmTryCompileExec1106629084/fast"]
  ignore line: [make: AVERTISSEMENT: fichier « Makefile » a une date de modification 0,12 dans le futur]
  ignore line: [/usr/bin/make -f CMakeFiles/cmTryCompileExec1106629084.dir/build.make CMakeFiles/cmTryCompileExec1106629084.dir/build]
  ignore line: [make[1]: entrant dans le répertoire « /fs03/share/users/robinson.ruiz/home/Bureau/tp_tissus/tp_tissu_gpu/build/CMakeFiles/CMakeTmp »]
  ignore line: [make[1]: AVERTISSEMENT: fichier « CMakeFiles/cmTryCompileExec1106629084.dir/flags.make » a une date de modification 0,11 dans le futur]
  ignore line: [/usr/bin/cmake -E cmake_progress_report /fs03/share/users/robinson.ruiz/home/Bureau/tp_tissus/tp_tissu_gpu/build/CMakeFiles/CMakeTmp/CMakeFiles 1]
  ignore line: [Building CXX object CMakeFiles/cmTryCompileExec1106629084.dir/CMakeCXXCompilerABI.cpp.o]
  ignore line: [/usr/bin/c++     -o CMakeFiles/cmTryCompileExec1106629084.dir/CMakeCXXCompilerABI.cpp.o -c /usr/share/cmake-2.8/Modules/CMakeCXXCompilerABI.cpp]
  ignore line: [Linking CXX executable cmTryCompileExec1106629084]
  ignore line: [/usr/bin/cmake -E cmake_link_script CMakeFiles/cmTryCompileExec1106629084.dir/link.txt --verbose=1]
  ignore line: [/usr/bin/c++      -v CMakeFiles/cmTryCompileExec1106629084.dir/CMakeCXXCompilerABI.cpp.o  -o cmTryCompileExec1106629084 -rdynamic  ]
  ignore line: [Using built-in specs.]
  ignore line: [COLLECT_GCC=/usr/bin/c++]
  ignore line: [COLLECT_LTO_WRAPPER=/usr/lib/gcc/x86_64-linux-gnu/4.8/lto-wrapper]
  ignore line: [Target: x86_64-linux-gnu]
  ignore line: [Configured with: ../src/configure -v --with-pkgversion='Ubuntu 4.8.4-2ubuntu1~14.04.4' --with-bugurl=file:///usr/share/doc/gcc-4.8/README.Bugs --enable-languages=c,c++,java,go,d,fortran,objc,obj-c++ --prefix=/usr --program-suffix=-4.8 --enable-shared --enable-linker-build-id --libexecdir=/usr/lib --without-included-gettext --enable-threads=posix --with-gxx-include-dir=/usr/include/c++/4.8 --libdir=/usr/lib --enable-nls --with-sysroot=/ --enable-clocale=gnu --enable-libstdcxx-debug --enable-libstdcxx-time=yes --enable-gnu-unique-object --disable-libmudflap --enable-plugin --with-system-zlib --disable-browser-plugin --enable-java-awt=gtk --enable-gtk-cairo --with-java-home=/usr/lib/jvm/java-1.5.0-gcj-4.8-amd64/jre --enable-java-home --with-jvm-root-dir=/usr/lib/jvm/java-1.5.0-gcj-4.8-amd64 --with-jvm-jar-dir=/usr/lib/jvm-exports/java-1.5.0-gcj-4.8-amd64 --with-arch-directory=amd64 --with-ecj-jar=/usr/share/java/eclipse-ecj.jar --enable-objc-gc --enable-multiarch --disable-werror --with-arch-32=i686 --with-abi=m64 --with-multilib-list=m32,m64,mx32 --with-tune=generic --enable-checking=release --build=x86_64-linux-gnu --host=x86_64-linux-gnu --target=x86_64-linux-gnu]
  ignore line: [Thread model: posix]
  ignore line: [gcc version 4.8.4 (Ubuntu 4.8.4-2ubuntu1~14.04.4) ]
  ignore line: [COMPILER_PATH=/usr/lib/gcc/x86_64-linux-gnu/4.8/:/usr/lib/gcc/x86_64-linux-gnu/4.8/:/usr/lib/gcc/x86_64-linux-gnu/:/usr/lib/gcc/x86_64-linux-gnu/4.8/:/usr/lib/gcc/x86_64-linux-gnu/]
  ignore line: [LIBRARY_PATH=/usr/lib/gcc/x86_64-linux-gnu/4.8/:/usr/lib/gcc/x86_64-linux-gnu/4.8/../../../x86_64-linux-gnu/:/usr/lib/gcc/x86_64-linux-gnu/4.8/../../../../lib/:/lib/x86_64-linux-gnu/:/lib/../lib/:/usr/lib/x86_64-linux-gnu/:/usr/lib/../lib/:/usr/lib/gcc/x86_64-linux-gnu/4.8/../../../:/lib/:/usr/lib/]
  ignore line: [COLLECT_GCC_OPTIONS='-v' '-o' 'cmTryCompileExec1106629084' '-rdynamic' '-shared-libgcc' '-mtune=generic' '-march=x86-64']
  link line: [ /usr/lib/gcc/x86_64-linux-gnu/4.8/collect2 --sysroot=/ --build-id --eh-frame-hdr -m elf_x86_64 --hash-style=gnu --as-needed -export-dynamic -dynamic-linker /lib64/ld-linux-x86-64.so.2 -z relro -o cmTryCompileExec1106629084 /usr/lib/gcc/x86_64-linux-gnu/4.8/../../../x86_64-linux-gnu/crt1.o /usr/lib/gcc/x86_64-linux-gnu/4.8/../../../x86_64-linux-gnu/crti.o /usr/lib/gcc/x86_64-linux-gnu/4.8/crtbegin.o -L/usr/lib/gcc/x86_64-linux-gnu/4.8 -L/usr/lib/gcc/x86_64-linux-gnu/4.8/../../../x86_64-linux-gnu -L/usr/lib/gcc/x86_64-linux-gnu/4.8/../../../../lib -L/lib/x86_64-linux-gnu -L/lib/../lib -L/usr/lib/x86_64-linux-gnu -L/usr/lib/../lib -L/usr/lib/gcc/x86_64-linux-gnu/4.8/../../.. CMakeFiles/cmTryCompileExec1106629084.dir/CMakeCXXCompilerABI.cpp.o -lstdc++ -lm -lgcc_s -lgcc -lc -lgcc_s -lgcc /usr/lib/gcc/x86_64-linux-gnu/4.8/crtend.o /usr/lib/gcc/x86_64-linux-gnu/4.8/../../../x86_64-linux-gnu/crtn.o]
    arg [/usr/lib/gcc/x86_64-linux-gnu/4.8/collect2] ==> ignore
    arg [--sysroot=/] ==> ignore
    arg [--build-id] ==> ignore
    arg [--eh-frame-hdr] ==> ignore
    arg [-m] ==> ignore
    arg [elf_x86_64] ==> ignore
    arg [--hash-style=gnu] ==> ignore
    arg [--as-needed] ==> ignore
    arg [-export-dynamic] ==> ignore
    arg [-dynamic-linker] ==> ignore
    arg [/lib64/ld-linux-x86-64.so.2] ==> ignore
    arg [-zrelro] ==> ignore
    arg [-o] ==> ignore
    arg [cmTryCompileExec1106629084] ==> ignore
    arg [/usr/lib/gcc/x86_64-linux-gnu/4.8/../../../x86_64-linux-gnu/crt1.o] ==> ignore
    arg [/usr/lib/gcc/x86_64-linux-gnu/4.8/../../../x86_64-linux-gnu/crti.o] ==> ignore
    arg [/usr/lib/gcc/x86_64-linux-gnu/4.8/crtbegin.o] ==> ignore
    arg [-L/usr/lib/gcc/x86_64-linux-gnu/4.8] ==> dir [/usr/lib/gcc/x86_64-linux-gnu/4.8]
    arg [-L/usr/lib/gcc/x86_64-linux-gnu/4.8/../../../x86_64-linux-gnu] ==> dir [/usr/lib/gcc/x86_64-linux-gnu/4.8/../../../x86_64-linux-gnu]
    arg [-L/usr/lib/gcc/x86_64-linux-gnu/4.8/../../../../lib] ==> dir [/usr/lib/gcc/x86_64-linux-gnu/4.8/../../../../lib]
    arg [-L/lib/x86_64-linux-gnu] ==> dir [/lib/x86_64-linux-gnu]
    arg [-L/lib/../lib] ==> dir [/lib/../lib]
    arg [-L/usr/lib/x86_64-linux-gnu] ==> dir [/usr/lib/x86_64-linux-gnu]
    arg [-L/usr/lib/../lib] ==> dir [/usr/lib/../lib]
    arg [-L/usr/lib/gcc/x86_64-linux-gnu/4.8/../../..] ==> dir [/usr/lib/gcc/x86_64-linux-gnu/4.8/../../..]
    arg [CMakeFiles/cmTryCompileExec1106629084.dir/CMakeCXXCompilerABI.cpp.o] ==> ignore
    arg [-lstdc++] ==> lib [stdc++]
    arg [-lm] ==> lib [m]
    arg [-lgcc_s] ==> lib [gcc_s]
    arg [-lgcc] ==> lib [gcc]
    arg [-lc] ==> lib [c]
    arg [-lgcc_s] ==> lib [gcc_s]
    arg [-lgcc] ==> lib [gcc]
    arg [/usr/lib/gcc/x86_64-linux-gnu/4.8/crtend.o] ==> ignore
    arg [/usr/lib/gcc/x86_64-linux-gnu/4.8/../../../x86_64-linux-gnu/crtn.o] ==> ignore
  remove lib [gcc_s]
  remove lib [gcc]
  remove lib [gcc_s]
  remove lib [gcc]
  collapse library dir [/usr/lib/gcc/x86_64-linux-gnu/4.8] ==> [/usr/lib/gcc/x86_64-linux-gnu/4.8]
  collapse library dir [/usr/lib/gcc/x86_64-linux-gnu/4.8/../../../x86_64-linux-gnu] ==> [/usr/lib/x86_64-linux-gnu]
  collapse library dir [/usr/lib/gcc/x86_64-linux-gnu/4.8/../../../../lib] ==> [/usr/lib]
  collapse library dir [/lib/x86_64-linux-gnu] ==> [/lib/x86_64-linux-gnu]
  collapse library dir [/lib/../lib] ==> [/lib]
  collapse library dir [/usr/lib/x86_64-linux-gnu] ==> [/usr/lib/x86_64-linux-gnu]
  collapse library dir [/usr/lib/../lib] ==> [/usr/lib]
  collapse library dir [/usr/lib/gcc/x86_64-linux-gnu/4.8/../../..] ==> [/usr/lib]
  implicit libs: [stdc++;m;c]
  implicit dirs: [/usr/lib/gcc/x86_64-linux-gnu/4.8;/usr/lib/x86_64-linux-gnu;/usr/lib;/lib/x86_64-linux-gnu;/lib]
  implicit fwks: []


Determining if the function XOpenDisplay exists in the /usr/lib/x86_64-linux-gnu/libX11.so;/usr/lib/x86_64-linux-gnu/libXext.so passed with the following output:
Change Dir: /fs03/share/users/robinson.ruiz/home/Bureau/tp_tissus/tp_tissu_gpu/build/CMakeFiles/CMakeTmp

Run Build Command:/usr/bin/make "cmTryCompileExec34988026/fast"
/usr/bin/make -f CMakeFiles/cmTryCompileExec34988026.dir/build.make CMakeFiles/cmTryCompileExec34988026.dir/build
make: AVERTISSEMENT: fichier « Makefile » a une date de modification 0,13 dans le futur
make[1]: entrant dans le répertoire « /fs03/share/users/robinson.ruiz/home/Bureau/tp_tissus/tp_tissu_gpu/build/CMakeFiles/CMakeTmp »
make[1]: AVERTISSEMENT: fichier « CMakeFiles/cmTryCompileExec34988026.dir/flags.make » a une date de modification 0,13 dans le futur
/usr/bin/cmake -E cmake_progress_report /fs03/share/users/robinson.ruiz/home/Bureau/tp_tissus/tp_tissu_gpu/build/CMakeFiles/CMakeTmp/CMakeFiles 1
Building C object CMakeFiles/cmTryCompileExec34988026.dir/CheckFunctionExists.c.o
/usr/bin/cc   -DCHECK_FUNCTION_EXISTS=XOpenDisplay   -o CMakeFiles/cmTryCompileExec34988026.dir/CheckFunctionExists.c.o   -c /usr/share/cmake-2.8/Modules/CheckFunctionExists.c
Linking C executable cmTryCompileExec34988026
/usr/bin/cmake -E cmake_link_script CMakeFiles/cmTryCompileExec34988026.dir/link.txt --verbose=1
/usr/bin/cc   -DCHECK_FUNCTION_EXISTS=XOpenDisplay    CMakeFiles/cmTryCompileExec34988026.dir/CheckFunctionExists.c.o  -o cmTryCompileExec34988026 -rdynamic -lX11 -lXext 
make[1]: quittant le répertoire « /fs03/share/users/robinson.ruiz/home/Bureau/tp_tissus/tp_tissu_gpu/build/CMakeFiles/CMakeTmp »
make[1]: AVERTISSEMENT : décalage d'horloge détecté. La construction peut être incomplète.
make: AVERTISSEMENT : décalage d'horloge détecté. La construction peut être incomplète.


Determining if the function gethostbyname exists passed with the following output:
Change Dir: /fs03/share/users/robinson.ruiz/home/Bureau/tp_tissus/tp_tissu_gpu/build/CMakeFiles/CMakeTmp

Run Build Command:/usr/bin/make "cmTryCompileExec428156094/fast"
make: AVERTISSEMENT: fichier « Makefile » a une date de modification 0,12 dans le futur
/usr/bin/make -f CMakeFiles/cmTryCompileExec428156094.dir/build.make CMakeFiles/cmTryCompileExec428156094.dir/build
make[1]: entrant dans le répertoire « /fs03/share/users/robinson.ruiz/home/Bureau/tp_tissus/tp_tissu_gpu/build/CMakeFiles/CMakeTmp »
make[1]: AVERTISSEMENT: fichier « CMakeFiles/cmTryCompileExec428156094.dir/flags.make » a une date de modification 0,11 dans le futur
/usr/bin/cmake -E cmake_progress_report /fs03/share/users/robinson.ruiz/home/Bureau/tp_tissus/tp_tissu_gpu/build/CMakeFiles/CMakeTmp/CMakeFiles 1
Building C object CMakeFiles/cmTryCompileExec428156094.dir/CheckFunctionExists.c.o
/usr/bin/cc   -DCHECK_FUNCTION_EXISTS=gethostbyname   -o CMakeFiles/cmTryCompileExec428156094.dir/CheckFunctionExists.c.o   -c /usr/share/cmake-2.8/Modules/CheckFunctionExists.c
Linking C executable cmTryCompileExec428156094
/usr/bin/cmake -E cmake_link_script CMakeFiles/cmTryCompileExec428156094.dir/link.txt --verbose=1
/usr/bin/cc   -DCHECK_FUNCTION_EXISTS=gethostbyname    CMakeFiles/cmTryCompileExec428156094.dir/CheckFunctionExists.c.o  -o cmTryCompileExec428156094 -rdynamic 
make[1]: quittant le répertoire « /fs03/share/users/robinson.ruiz/home/Bureau/tp_tissus/tp_tissu_gpu/build/CMakeFiles/CMakeTmp »
make[1]: AVERTISSEMENT : décalage d'horloge détecté. La construction peut être incomplète.
make: AVERTISSEMENT : décalage d'horloge détecté. La construction peut être incomplète.


Determining if the function connect exists passed with the following output:
Change Dir: /fs03/share/users/robinson.ruiz/home/Bureau/tp_tissus/tp_tissu_gpu/build/CMakeFiles/CMakeTmp

Run Build Command:/usr/bin/make "cmTryCompileExec2147736871/fast"
make: AVERTISSEMENT: fichier « Makefile » a une date de modification 0,11 dans le futur
/usr/bin/make -f CMakeFiles/cmTryCompileExec2147736871.dir/build.make CMakeFiles/cmTryCompileExec2147736871.dir/build
make[1]: entrant dans le répertoire « /fs03/share/users/robinson.ruiz/home/Bureau/tp_tissus/tp_tissu_gpu/build/CMakeFiles/CMakeTmp »
make[1]: AVERTISSEMENT: fichier « CMakeFiles/cmTryCompileExec2147736871.dir/flags.make » a une date de modification 0,096 dans le futur
/usr/bin/cmake -E cmake_progress_report /fs03/share/users/robinson.ruiz/home/Bureau/tp_tissus/tp_tissu_gpu/build/CMakeFiles/CMakeTmp/CMakeFiles 1
Building C object CMakeFiles/cmTryCompileExec2147736871.dir/CheckFunctionExists.c.o
/usr/bin/cc   -DCHECK_FUNCTION_EXISTS=connect   -o CMakeFiles/cmTryCompileExec2147736871.dir/CheckFunctionExists.c.o   -c /usr/share/cmake-2.8/Modules/CheckFunctionExists.c
Linking C executable cmTryCompileExec2147736871
/usr/bin/cmake -E cmake_link_script CMakeFiles/cmTryCompileExec2147736871.dir/link.txt --verbose=1
/usr/bin/cc   -DCHECK_FUNCTION_EXISTS=connect    CMakeFiles/cmTryCompileExec2147736871.dir/CheckFunctionExists.c.o  -o cmTryCompileExec2147736871 -rdynamic 
make[1]: quittant le répertoire « /fs03/share/users/robinson.ruiz/home/Bureau/tp_tissus/tp_tissu_gpu/build/CMakeFiles/CMakeTmp »
make[1]: AVERTISSEMENT : décalage d'horloge détecté. La construction peut être incomplète.
make: AVERTISSEMENT : décalage d'horloge détecté. La construction peut être incomplète.


Determining if the function remove exists passed with the following output:
Change Dir: /fs03/share/users/robinson.ruiz/home/Bureau/tp_tissus/tp_tissu_gpu/build/CMakeFiles/CMakeTmp

Run Build Command:/usr/bin/make "cmTryCompileExec3311419017/fast"
make: AVERTISSEMENT: fichier « Makefile » a une date de modification 0,11 dans le futur
/usr/bin/make -f CMakeFiles/cmTryCompileExec3311419017.dir/build.make CMakeFiles/cmTryCompileExec3311419017.dir/build
make[1]: entrant dans le répertoire « /fs03/share/users/robinson.ruiz/home/Bureau/tp_tissus/tp_tissu_gpu/build/CMakeFiles/CMakeTmp »
make[1]: AVERTISSEMENT: fichier « CMakeFiles/cmTryCompileExec3311419017.dir/flags.make » a une date de modification 0,095 dans le futur
/usr/bin/cmake -E cmake_progress_report /fs03/share/users/robinson.ruiz/home/Bureau/tp_tissus/tp_tissu_gpu/build/CMakeFiles/CMakeTmp/CMakeFiles 1
Building C object CMakeFiles/cmTryCompileExec3311419017.dir/CheckFunctionExists.c.o
/usr/bin/cc   -DCHECK_FUNCTION_EXISTS=remove   -o CMakeFiles/cmTryCompileExec3311419017.dir/CheckFunctionExists.c.o   -c /usr/share/cmake-2.8/Modules/CheckFunctionExists.c
Linking C executable cmTryCompileExec3311419017
/usr/bin/cmake -E cmake_link_script CMakeFiles/cmTryCompileExec3311419017.dir/link.txt --verbose=1
/usr/bin/cc   -DCHECK_FUNCTION_EXISTS=remove    CMakeFiles/cmTryCompileExec3311419017.dir/CheckFunctionExists.c.o  -o cmTryCompileExec3311419017 -rdynamic 
make[1]: quittant le répertoire « /fs03/share/users/robinson.ruiz/home/Bureau/tp_tissus/tp_tissu_gpu/build/CMakeFiles/CMakeTmp »
make[1]: AVERTISSEMENT : décalage d'horloge détecté. La construction peut être incomplète.
make: AVERTISSEMENT : décalage d'horloge détecté. La construction peut être incomplète.


Determining if the function shmat exists passed with the following output:
Change Dir: /fs03/share/users/robinson.ruiz/home/Bureau/tp_tissus/tp_tissu_gpu/build/CMakeFiles/CMakeTmp

Run Build Command:/usr/bin/make "cmTryCompileExec1409309206/fast"
make: AVERTISSEMENT: fichier « Makefile » a une date de modification 0,11 dans le futur
/usr/bin/make -f CMakeFiles/cmTryCompileExec1409309206.dir/build.make CMakeFiles/cmTryCompileExec1409309206.dir/build
make[1]: entrant dans le répertoire « /fs03/share/users/robinson.ruiz/home/Bureau/tp_tissus/tp_tissu_gpu/build/CMakeFiles/CMakeTmp »
make[1]: AVERTISSEMENT: fichier « CMakeFiles/cmTryCompileExec1409309206.dir/flags.make » a une date de modification 0,094 dans le futur
/usr/bin/cmake -E cmake_progress_report /fs03/share/users/robinson.ruiz/home/Bureau/tp_tissus/tp_tissu_gpu/build/CMakeFiles/CMakeTmp/CMakeFiles 1
Building C object CMakeFiles/cmTryCompileExec1409309206.dir/CheckFunctionExists.c.o
/usr/bin/cc   -DCHECK_FUNCTION_EXISTS=shmat   -o CMakeFiles/cmTryCompileExec1409309206.dir/CheckFunctionExists.c.o   -c /usr/share/cmake-2.8/Modules/CheckFunctionExists.c
Linking C executable cmTryCompileExec1409309206
/usr/bin/cmake -E cmake_link_script CMakeFiles/cmTryCompileExec1409309206.dir/link.txt --verbose=1
/usr/bin/cc   -DCHECK_FUNCTION_EXISTS=shmat    CMakeFiles/cmTryCompileExec1409309206.dir/CheckFunctionExists.c.o  -o cmTryCompileExec1409309206 -rdynamic 
make[1]: quittant le répertoire « /fs03/share/users/robinson.ruiz/home/Bureau/tp_tissus/tp_tissu_gpu/build/CMakeFiles/CMakeTmp »
make[1]: AVERTISSEMENT : décalage d'horloge détecté. La construction peut être incomplète.
make: AVERTISSEMENT : décalage d'horloge détecté. La construction peut être incomplète.


Determining if the function IceConnectionNumber exists in the ICE passed with the following output:
Change Dir: /fs03/share/users/robinson.ruiz/home/Bureau/tp_tissus/tp_tissu_gpu/build/CMakeFiles/CMakeTmp

Run Build Command:/usr/bin/make "cmTryCompileExec763076215/fast"
make: AVERTISSEMENT: fichier « Makefile » a une date de modification 0,11 dans le futur
/usr/bin/make -f CMakeFiles/cmTryCompileExec763076215.dir/build.make CMakeFiles/cmTryCompileExec763076215.dir/build
make[1]: entrant dans le répertoire « /fs03/share/users/robinson.ruiz/home/Bureau/tp_tissus/tp_tissu_gpu/build/CMakeFiles/CMakeTmp »
make[1]: AVERTISSEMENT: fichier « CMakeFiles/cmTryCompileExec763076215.dir/flags.make » a une date de modification 0,11 dans le futur
/usr/bin/cmake -E cmake_progress_report /fs03/share/users/robinson.ruiz/home/Bureau/tp_tissus/tp_tissu_gpu/build/CMakeFiles/CMakeTmp/CMakeFiles 1
Building C object CMakeFiles/cmTryCompileExec763076215.dir/CheckFunctionExists.c.o
/usr/bin/cc   -DCHECK_FUNCTION_EXISTS=IceConnectionNumber   -o CMakeFiles/cmTryCompileExec763076215.dir/CheckFunctionExists.c.o   -c /usr/share/cmake-2.8/Modules/CheckFunctionExists.c
Linking C executable cmTryCompileExec763076215
/usr/bin/cmake -E cmake_link_script CMakeFiles/cmTryCompileExec763076215.dir/link.txt --verbose=1
/usr/bin/cc   -DCHECK_FUNCTION_EXISTS=IceConnectionNumber    CMakeFiles/cmTryCompileExec763076215.dir/CheckFunctionExists.c.o  -o cmTryCompileExec763076215 -rdynamic -lICE 
make[1]: AVERTISSEMENT : décalage d'horloge détecté. La construction peut être incomplète.
make[1]: quittant le répertoire « /fs03/share/users/robinson.ruiz/home/Bureau/tp_tissus/tp_tissu_gpu/build/CMakeFiles/CMakeTmp »
make: AVERTISSEMENT : décalage d'horloge détecté. La construction peut être incomplète.


